C:\USERS\HOME-PC\DOCUMENTS\VISUAL STUDIO 2012\PROJECTS\WIN32PROJECT1\WIN32PROJECT1\DEBUG\CUBEROTATION1.OBJ
C:\USERS\HOME-PC\DOCUMENTS\VISUAL STUDIO 2012\PROJECTS\WIN32PROJECT1\WIN32PROJECT1\DEBUG\VC110.PDB
C:\USERS\HOME-PC\DOCUMENTS\VISUAL STUDIO 2012\PROJECTS\WIN32PROJECT1\DEBUG\WIN32PROJECT1.ILK
C:\USERS\HOME-PC\DOCUMENTS\VISUAL STUDIO 2012\PROJECTS\WIN32PROJECT1\DEBUG\WIN32PROJECT1.EXE
C:\USERS\HOME-PC\DOCUMENTS\VISUAL STUDIO 2012\PROJECTS\WIN32PROJECT1\DEBUG\WIN32PROJECT1.PDB
C:\Users\Home-PC\Documents\Visual Studio 2012\Projects\Win32Project1\Win32Project1\Debug\cl.command.1.tlog
C:\Users\Home-PC\Documents\Visual Studio 2012\Projects\Win32Project1\Win32Project1\Debug\CL.read.1.tlog
C:\Users\Home-PC\Documents\Visual Studio 2012\Projects\Win32Project1\Win32Project1\Debug\CL.write.1.tlog
C:\Users\Home-PC\Documents\Visual Studio 2012\Projects\Win32Project1\Win32Project1\Debug\link-cvtres.read.1.tlog
C:\Users\Home-PC\Documents\Visual Studio 2012\Projects\Win32Project1\Win32Project1\Debug\link-cvtres.write.1.tlog
C:\Users\Home-PC\Documents\Visual Studio 2012\Projects\Win32Project1\Win32Project1\Debug\link-rc.read.1.tlog
C:\Users\Home-PC\Documents\Visual Studio 2012\Projects\Win32Project1\Win32Project1\Debug\link-rc.write.1.tlog
C:\Users\Home-PC\Documents\Visual Studio 2012\Projects\Win32Project1\Win32Project1\Debug\link.command.1.tlog
C:\Users\Home-PC\Documents\Visual Studio 2012\Projects\Win32Project1\Win32Project1\Debug\link.read.1.tlog
C:\Users\Home-PC\Documents\Visual Studio 2012\Projects\Win32Project1\Win32Project1\Debug\link.write.1.tlog
C:\Users\Home-PC\Documents\Visual Studio 2012\Projects\Win32Project1\Win32Project1\Debug\vc110.idb
C:\Users\Home-PC\Documents\Visual Studio 2012\Projects\Win32Project1\Win32Project1\Debug\vc110.pdb
C:\Users\Home-PC\Documents\Visual Studio 2012\Projects\Win32Project1\Debug\Win32Project1.pdb
C:\Users\Home-PC\Documents\Visual Studio 2012\Projects\Win32Project1\Debug\Win32Project1.exe
C:\Users\Home-PC\Documents\Visual Studio 2012\Projects\Win32Project1\Debug\Win32Project1.ilk
